<?xml version="1.0" encoding="UTF-8"?>
<robot generator="Robot 6.0.2 (Python 3.11.2 on win32)" generated="20230507 19:46:01.894" rpa="false" schemaversion="3">
<suite id="s1" name="Preenchimento Correto" source="C:\Users\USUARIO\Desktop\curso-robot\preenchimento_correto.robot">
<test id="s1-t1" name="Verificar se ao preencher os campos do fomulário corretamente os dados são inseridos na lista e se um novo card é criado no time esperado" line="23">
<kw name="Dado que eu acesse o Organo" library="setup_teardown" type="SETUP">
<kw name="Open Browser" library="SeleniumLibrary">
<arg>url=http://localhost:3000/</arg>
<arg>browser=Chrome</arg>
<doc>Opens a new browser instance to the optional ``url``.</doc>
<msg timestamp="20230507 19:46:02.105" level="INFO">Opening browser 'Chrome' to base url 'http://localhost:3000/'.</msg>
<status status="PASS" starttime="20230507 19:46:02.105" endtime="20230507 19:46:03.970"/>
</kw>
<status status="PASS" starttime="20230507 19:46:02.104" endtime="20230507 19:46:03.970"/>
</kw>
<kw name="Dado que eu preencha os campos do formulário">
<kw name="Input Text" library="SeleniumLibrary">
<arg>${CAMPO_NOME}</arg>
<arg>Akemi</arg>
<doc>Types the given ``text`` into the text field identified by ``locator``.</doc>
<msg timestamp="20230507 19:46:03.982" level="INFO">Typing text 'Akemi' into text field 'id:form-nome'.</msg>
<status status="PASS" starttime="20230507 19:46:03.981" endtime="20230507 19:46:04.079"/>
</kw>
<kw name="Input Text" library="SeleniumLibrary">
<arg>${CAMPO_CARGO}</arg>
<arg>Desenvolvedora</arg>
<doc>Types the given ``text`` into the text field identified by ``locator``.</doc>
<msg timestamp="20230507 19:46:04.079" level="INFO">Typing text 'Desenvolvedora' into text field 'id:form-cargo'.</msg>
<status status="PASS" starttime="20230507 19:46:04.079" endtime="20230507 19:46:04.180"/>
</kw>
<kw name="Input Text" library="SeleniumLibrary">
<arg>${CAMPO_IMAGEM}</arg>
<arg>https://picsum.photos/200/300</arg>
<doc>Types the given ``text`` into the text field identified by ``locator``.</doc>
<msg timestamp="20230507 19:46:04.180" level="INFO">Typing text 'https://picsum.photos/200/300' into text field 'id:form-imagem'.</msg>
<status status="PASS" starttime="20230507 19:46:04.180" endtime="20230507 19:46:04.292"/>
</kw>
<kw name="Click Element" library="SeleniumLibrary">
<arg>${CAMPO_TIME}</arg>
<doc>Click the element identified by ``locator``.</doc>
<msg timestamp="20230507 19:46:04.293" level="INFO">Clicking element 'class:lista-suspensa'.</msg>
<status status="PASS" starttime="20230507 19:46:04.292" endtime="20230507 19:46:04.339"/>
</kw>
<kw name="Click Element" library="SeleniumLibrary">
<arg>${PROGRAMACAO}</arg>
<doc>Click the element identified by ``locator``.</doc>
<msg timestamp="20230507 19:46:04.339" level="INFO">Clicking element '//option[contains(.,'Programação')]'.</msg>
<status status="PASS" starttime="20230507 19:46:04.339" endtime="20230507 19:46:04.371"/>
</kw>
<status status="PASS" starttime="20230507 19:46:03.980" endtime="20230507 19:46:04.371"/>
</kw>
<kw name="E click no botão criar card">
<kw name="Click Element" library="SeleniumLibrary">
<arg>${CAMPO_CARD}</arg>
<doc>Click the element identified by ``locator``.</doc>
<msg timestamp="20230507 19:46:04.372" level="INFO">Clicking element 'id:form-botao'.</msg>
<status status="PASS" starttime="20230507 19:46:04.372" endtime="20230507 19:46:04.429"/>
</kw>
<status status="PASS" starttime="20230507 19:46:04.371" endtime="20230507 19:46:04.429"/>
</kw>
<kw name="Então identificar o card dentro do time esperado">
<kw name="Element Should Be Visible" library="SeleniumLibrary">
<arg>class:colaborador</arg>
<doc>Verifies that the element identified by ``locator`` is visible.</doc>
<msg timestamp="20230507 19:46:04.453" level="INFO">Element 'class:colaborador' is displayed.</msg>
<status status="PASS" starttime="20230507 19:46:04.430" endtime="20230507 19:46:04.453"/>
</kw>
<status status="PASS" starttime="20230507 19:46:04.430" endtime="20230507 19:46:04.453"/>
</kw>
<kw name="Fechar o navegador" library="setup_teardown" type="TEARDOWN">
<kw name="Close Browser" library="SeleniumLibrary">
<doc>Closes the current browser.</doc>
<status status="PASS" starttime="20230507 19:46:04.454" endtime="20230507 19:46:06.672"/>
</kw>
<status status="PASS" starttime="20230507 19:46:04.454" endtime="20230507 19:46:06.673"/>
</kw>
<status status="PASS" starttime="20230507 19:46:02.103" endtime="20230507 19:46:06.673"/>
</test>
<status status="PASS" starttime="20230507 19:46:01.895" endtime="20230507 19:46:06.678"/>
</suite>
<statistics>
<total>
<stat pass="1" fail="0" skip="0">All Tests</stat>
</total>
<tag>
</tag>
<suite>
<stat pass="1" fail="0" skip="0" id="s1" name="Preenchimento Correto">Preenchimento Correto</stat>
</suite>
</statistics>
<errors>
</errors>
</robot>
