<?xml version="1.0" encoding="UTF-8"?>
<robot generator="Robot 6.0.2 (Python 3.11.2 on win32)" generated="20230510 09:31:36.644" rpa="false" schemaversion="3">
<suite id="s1" name="Robot-Framework" source="C:\Users\USUARIO\Desktop\projetos-qa\robot-projeto-api\robot-framework">
<suite id="s1-s1" name="Testes" source="C:\Users\USUARIO\Desktop\projetos-qa\robot-projeto-api\robot-framework\testes">
<suite id="s1-s1-s1" name="Preenchimento Incorreto" source="C:\Users\USUARIO\Desktop\projetos-qa\robot-projeto-api\robot-framework\testes\preenchimento_incorreto.robot">
<test id="s1-s1-s1-t1" name="Verificar se quando um campo obrigatório não for preenchido corretamente o sistema exibe um mensagem de campo obrigatório" line="8">
<kw name="Dado que eu acesse o Organo" library="setup_teardown" type="SETUP">
<kw name="Open Browser" library="SeleniumLibrary">
<arg>url=http://localhost:3000/</arg>
<arg>browser=Chrome</arg>
<doc>Opens a new browser instance to the optional ``url``.</doc>
<msg timestamp="20230510 09:31:37.436" level="INFO">Opening browser 'Chrome' to base url 'http://localhost:3000/'.</msg>
<status status="PASS" starttime="20230510 09:31:37.435" endtime="20230510 09:31:39.838"/>
</kw>
<status status="PASS" starttime="20230510 09:31:37.434" endtime="20230510 09:31:39.838"/>
</kw>
<kw name="Dado que eu clique no botão criar card" library="cadastro">
<kw name="Click Element" library="SeleniumLibrary">
<arg>${BOTAO_CARD}</arg>
<doc>Click the element identified by ``locator``.</doc>
<msg timestamp="20230510 09:31:39.840" level="INFO">Clicking element 'id:form-botao'.</msg>
<status status="PASS" starttime="20230510 09:31:39.840" endtime="20230510 09:31:39.974"/>
</kw>
<status status="PASS" starttime="20230510 09:31:39.839" endtime="20230510 09:31:39.974"/>
</kw>
<kw name="Então sistema deve apresentar mensagem de campo obrigatório" library="cadastro">
<kw name="Element Should Be Visible" library="SeleniumLibrary">
<arg>id:form-nome-erro</arg>
<doc>Verifies that the element identified by ``locator`` is visible.</doc>
<msg timestamp="20230510 09:31:40.054" level="INFO">Element 'id:form-nome-erro' is displayed.</msg>
<status status="PASS" starttime="20230510 09:31:39.975" endtime="20230510 09:31:40.054"/>
</kw>
<kw name="Element Should Be Visible" library="SeleniumLibrary">
<arg>id:form-cargo-erro</arg>
<doc>Verifies that the element identified by ``locator`` is visible.</doc>
<msg timestamp="20230510 09:31:40.081" level="INFO">Element 'id:form-cargo-erro' is displayed.</msg>
<status status="PASS" starttime="20230510 09:31:40.054" endtime="20230510 09:31:40.082"/>
</kw>
<kw name="Element Should Be Visible" library="SeleniumLibrary">
<arg>id:form-times-erro</arg>
<doc>Verifies that the element identified by ``locator`` is visible.</doc>
<msg timestamp="20230510 09:31:40.109" level="INFO">Element 'id:form-times-erro' is displayed.</msg>
<status status="PASS" starttime="20230510 09:31:40.083" endtime="20230510 09:31:40.110"/>
</kw>
<status status="PASS" starttime="20230510 09:31:39.975" endtime="20230510 09:31:40.110"/>
</kw>
<kw name="Fechar o navegador" library="setup_teardown" type="TEARDOWN">
<kw name="Capture Page Screenshot" library="SeleniumLibrary">
<doc>Takes a screenshot of the current page and embeds it into a log file.</doc>
<msg timestamp="20230510 09:31:40.342" level="INFO" html="true">&lt;/td&gt;&lt;/tr&gt;&lt;tr&gt;&lt;td colspan="3"&gt;&lt;a href="selenium-screenshot-4.png"&gt;&lt;img src="selenium-screenshot-4.png" width="800px"&gt;&lt;/a&gt;</msg>
<status status="PASS" starttime="20230510 09:31:40.112" endtime="20230510 09:31:40.342"/>
</kw>
<kw name="Close Browser" library="SeleniumLibrary">
<doc>Closes the current browser.</doc>
<status status="PASS" starttime="20230510 09:31:40.342" endtime="20230510 09:31:42.526"/>
</kw>
<status status="PASS" starttime="20230510 09:31:40.111" endtime="20230510 09:31:42.527"/>
</kw>
<status status="PASS" starttime="20230510 09:31:37.433" endtime="20230510 09:31:42.529"/>
</test>
<status status="PASS" starttime="20230510 09:31:36.702" endtime="20230510 09:31:42.541"/>
</suite>
<status status="PASS" starttime="20230510 09:31:36.695" endtime="20230510 09:31:42.552"/>
</suite>
<status status="PASS" starttime="20230510 09:31:36.650" endtime="20230510 09:31:42.561"/>
</suite>
<statistics>
<total>
<stat pass="1" fail="0" skip="0">All Tests</stat>
</total>
<tag>
</tag>
<suite>
<stat pass="1" fail="0" skip="0" id="s1" name="Robot-Framework">Robot-Framework</stat>
<stat pass="1" fail="0" skip="0" id="s1-s1" name="Testes">Robot-Framework.Testes</stat>
<stat pass="1" fail="0" skip="0" id="s1-s1-s1" name="Preenchimento Incorreto">Robot-Framework.Testes.Preenchimento Incorreto</stat>
</suite>
</statistics>
<errors>
</errors>
</robot>
