<?xml version="1.0" encoding="UTF-8"?>
<robot generator="Robot 6.0.2 (Python 3.11.2 on win32)" generated="20230509 10:58:10.594" rpa="false" schemaversion="3">
<suite id="s1" name="Curso-Robot" source="C:\Users\USUARIO\Desktop\projetos-qa\robot-projeto-api\curso-robot">
<suite id="s1-s1" name="Testes" source="C:\Users\USUARIO\Desktop\projetos-qa\robot-projeto-api\curso-robot\testes">
<suite id="s1-s1-s1" name="Preenchimento Correto" source="C:\Users\USUARIO\Desktop\projetos-qa\robot-projeto-api\curso-robot\testes\preenchimento_correto.robot">
<test id="s1-s1-s1-t1" name="Verificar se ao preencher os campos do fomulário corretamente os dados são inseridos na lista e se um novo card é criado no time esperado" line="8">
<kw name="Dado que eu acesse o Organo" library="setup_teardown" type="SETUP">
<kw name="Open Browser" library="SeleniumLibrary">
<arg>url=http://localhost:3000/</arg>
<arg>browser=Chrome</arg>
<doc>Opens a new browser instance to the optional ``url``.</doc>
<msg timestamp="20230509 10:58:11.415" level="INFO">Opening browser 'Chrome' to base url 'http://localhost:3000/'.</msg>
<status status="PASS" starttime="20230509 10:58:11.414" endtime="20230509 10:58:13.471"/>
</kw>
<kw name="Capture Page Screenshot" library="SeleniumLibrary">
<doc>Takes a screenshot of the current page and embeds it into a log file.</doc>
<msg timestamp="20230509 10:58:13.819" level="INFO" html="true">&lt;/td&gt;&lt;/tr&gt;&lt;tr&gt;&lt;td colspan="3"&gt;&lt;a href="selenium-screenshot-1.png"&gt;&lt;img src="selenium-screenshot-1.png" width="800px"&gt;&lt;/a&gt;</msg>
<status status="PASS" starttime="20230509 10:58:13.471" endtime="20230509 10:58:13.820"/>
</kw>
<status status="PASS" starttime="20230509 10:58:11.413" endtime="20230509 10:58:13.820"/>
</kw>
<kw name="Dado que eu preencha os campos do formulário" library="cadastro">
<kw name="File Name" library="FakerLibrary">
<var>${Nome}</var>
<doc>Generate a random file name with extension.</doc>
<msg timestamp="20230509 10:58:13.821" level="INFO">${Nome} = deserunt.png</msg>
<status status="PASS" starttime="20230509 10:58:13.821" endtime="20230509 10:58:13.821"/>
</kw>
<kw name="Input Text" library="SeleniumLibrary">
<arg>${CAMPO_NOME}</arg>
<arg>${Nome}</arg>
<doc>Types the given ``text`` into the text field identified by ``locator``.</doc>
<msg timestamp="20230509 10:58:13.823" level="INFO">Typing text 'deserunt.png' into text field 'id:form-nome'.</msg>
<status status="PASS" starttime="20230509 10:58:13.822" endtime="20230509 10:58:13.945"/>
</kw>
<kw name="Job" library="FakerLibrary">
<var>${Cargo}</var>
<msg timestamp="20230509 10:58:13.947" level="INFO">${Cargo} = Maquiador</msg>
<status status="PASS" starttime="20230509 10:58:13.946" endtime="20230509 10:58:13.947"/>
</kw>
<kw name="Input Text" library="SeleniumLibrary">
<arg>${CAMPO_CARGO}</arg>
<arg>${Cargo}</arg>
<doc>Types the given ``text`` into the text field identified by ``locator``.</doc>
<msg timestamp="20230509 10:58:13.950" level="INFO">Typing text 'Maquiador' into text field 'id:form-cargo'.</msg>
<status status="PASS" starttime="20230509 10:58:13.947" endtime="20230509 10:58:14.056"/>
</kw>
<kw name="Image Url" library="FakerLibrary">
<var>${Imagem}</var>
<arg>width=100</arg>
<arg>height=100</arg>
<doc>Returns URL to placeholder image
Example: http://placehold.it/640x480</doc>
<msg timestamp="20230509 10:58:14.057" level="INFO">${Imagem} = https://placekitten.com/100/100</msg>
<status status="PASS" starttime="20230509 10:58:14.056" endtime="20230509 10:58:14.057"/>
</kw>
<kw name="Input Text" library="SeleniumLibrary">
<arg>${CAMPO_IMAGEM}</arg>
<arg>${Imagem}</arg>
<doc>Types the given ``text`` into the text field identified by ``locator``.</doc>
<msg timestamp="20230509 10:58:14.058" level="INFO">Typing text 'https://placekitten.com/100/100' into text field 'id:form-imagem'.</msg>
<status status="PASS" starttime="20230509 10:58:14.057" endtime="20230509 10:58:14.207"/>
</kw>
<kw name="Click Element" library="SeleniumLibrary">
<arg>${CAMPO_TIME}</arg>
<doc>Click the element identified by ``locator``.</doc>
<msg timestamp="20230509 10:58:14.208" level="INFO">Clicking element 'class:lista-suspensa'.</msg>
<status status="PASS" starttime="20230509 10:58:14.207" endtime="20230509 10:58:14.263"/>
</kw>
<kw name="Click Element" library="SeleniumLibrary">
<arg>${selecionar_times}[0]</arg>
<doc>Click the element identified by ``locator``.</doc>
<msg timestamp="20230509 10:58:14.267" level="INFO">Clicking element '//option[contains(.,'Programação')]'.</msg>
<status status="PASS" starttime="20230509 10:58:14.263" endtime="20230509 10:58:14.311"/>
</kw>
<status status="PASS" starttime="20230509 10:58:13.820" endtime="20230509 10:58:14.312"/>
</kw>
<kw name="E clique no botão criar card" library="cadastro">
<kw name="Click Element" library="SeleniumLibrary">
<arg>${BOTAO_CARD}</arg>
<doc>Click the element identified by ``locator``.</doc>
<msg timestamp="20230509 10:58:14.313" level="INFO">Clicking element 'id:form-botao'.</msg>
<status status="PASS" starttime="20230509 10:58:14.313" endtime="20230509 10:58:14.394"/>
</kw>
<status status="PASS" starttime="20230509 10:58:14.312" endtime="20230509 10:58:14.394"/>
</kw>
<kw name="Então identificar o card dentro do time esperado" library="cadastro">
<kw name="Element Should Be Visible" library="SeleniumLibrary">
<arg>class:colaborador</arg>
<doc>Verifies that the element identified by ``locator`` is visible.</doc>
<msg timestamp="20230509 10:58:14.423" level="INFO">Element 'class:colaborador' is displayed.</msg>
<status status="PASS" starttime="20230509 10:58:14.395" endtime="20230509 10:58:14.423"/>
</kw>
<status status="PASS" starttime="20230509 10:58:14.395" endtime="20230509 10:58:14.424"/>
</kw>
<kw name="Fechar o navegador" library="setup_teardown" type="TEARDOWN">
<kw name="Close Browser" library="SeleniumLibrary">
<doc>Closes the current browser.</doc>
<status status="PASS" starttime="20230509 10:58:14.425" endtime="20230509 10:58:16.591"/>
</kw>
<status status="PASS" starttime="20230509 10:58:14.424" endtime="20230509 10:58:16.592"/>
</kw>
<status status="PASS" starttime="20230509 10:58:11.410" endtime="20230509 10:58:16.594"/>
</test>
<test id="s1-s1-s1-t2" name="Verificar se é possível criar mais de um card se preenchermos os campos corretamente" line="15">
<kw name="Dado que eu acesse o Organo" library="setup_teardown" type="SETUP">
<kw name="Open Browser" library="SeleniumLibrary">
<arg>url=http://localhost:3000/</arg>
<arg>browser=Chrome</arg>
<doc>Opens a new browser instance to the optional ``url``.</doc>
<msg timestamp="20230509 10:58:16.610" level="INFO">Opening browser 'Chrome' to base url 'http://localhost:3000/'.</msg>
<status status="PASS" starttime="20230509 10:58:16.608" endtime="20230509 10:58:18.546"/>
</kw>
<kw name="Capture Page Screenshot" library="SeleniumLibrary">
<doc>Takes a screenshot of the current page and embeds it into a log file.</doc>
<msg timestamp="20230509 10:58:18.893" level="INFO" html="true">&lt;/td&gt;&lt;/tr&gt;&lt;tr&gt;&lt;td colspan="3"&gt;&lt;a href="selenium-screenshot-2.png"&gt;&lt;img src="selenium-screenshot-2.png" width="800px"&gt;&lt;/a&gt;</msg>
<status status="PASS" starttime="20230509 10:58:18.546" endtime="20230509 10:58:18.893"/>
</kw>
<status status="PASS" starttime="20230509 10:58:16.607" endtime="20230509 10:58:18.893"/>
</kw>
<kw name="Dado que eu preencha os campos do formulário" library="cadastro">
<kw name="File Name" library="FakerLibrary">
<var>${Nome}</var>
<doc>Generate a random file name with extension.</doc>
<msg timestamp="20230509 10:58:18.895" level="INFO">${Nome} = molestiae.odp</msg>
<status status="PASS" starttime="20230509 10:58:18.895" endtime="20230509 10:58:18.895"/>
</kw>
<kw name="Input Text" library="SeleniumLibrary">
<arg>${CAMPO_NOME}</arg>
<arg>${Nome}</arg>
<doc>Types the given ``text`` into the text field identified by ``locator``.</doc>
<msg timestamp="20230509 10:58:18.896" level="INFO">Typing text 'molestiae.odp' into text field 'id:form-nome'.</msg>
<status status="PASS" starttime="20230509 10:58:18.895" endtime="20230509 10:58:19.025"/>
</kw>
<kw name="Job" library="FakerLibrary">
<var>${Cargo}</var>
<msg timestamp="20230509 10:58:19.026" level="INFO">${Cargo} = Agricultor</msg>
<status status="PASS" starttime="20230509 10:58:19.025" endtime="20230509 10:58:19.026"/>
</kw>
<kw name="Input Text" library="SeleniumLibrary">
<arg>${CAMPO_CARGO}</arg>
<arg>${Cargo}</arg>
<doc>Types the given ``text`` into the text field identified by ``locator``.</doc>
<msg timestamp="20230509 10:58:19.026" level="INFO">Typing text 'Agricultor' into text field 'id:form-cargo'.</msg>
<status status="PASS" starttime="20230509 10:58:19.026" endtime="20230509 10:58:19.130"/>
</kw>
<kw name="Image Url" library="FakerLibrary">
<var>${Imagem}</var>
<arg>width=100</arg>
<arg>height=100</arg>
<doc>Returns URL to placeholder image
Example: http://placehold.it/640x480</doc>
<msg timestamp="20230509 10:58:19.131" level="INFO">${Imagem} = https://picsum.photos/100/100</msg>
<status status="PASS" starttime="20230509 10:58:19.130" endtime="20230509 10:58:19.131"/>
</kw>
<kw name="Input Text" library="SeleniumLibrary">
<arg>${CAMPO_IMAGEM}</arg>
<arg>${Imagem}</arg>
<doc>Types the given ``text`` into the text field identified by ``locator``.</doc>
<msg timestamp="20230509 10:58:19.132" level="INFO">Typing text 'https://picsum.photos/100/100' into text field 'id:form-imagem'.</msg>
<status status="PASS" starttime="20230509 10:58:19.131" endtime="20230509 10:58:19.279"/>
</kw>
<kw name="Click Element" library="SeleniumLibrary">
<arg>${CAMPO_TIME}</arg>
<doc>Click the element identified by ``locator``.</doc>
<msg timestamp="20230509 10:58:19.281" level="INFO">Clicking element 'class:lista-suspensa'.</msg>
<status status="PASS" starttime="20230509 10:58:19.280" endtime="20230509 10:58:19.343"/>
</kw>
<kw name="Click Element" library="SeleniumLibrary">
<arg>${selecionar_times}[0]</arg>
<doc>Click the element identified by ``locator``.</doc>
<msg timestamp="20230509 10:58:19.344" level="INFO">Clicking element '//option[contains(.,'Programação')]'.</msg>
<status status="PASS" starttime="20230509 10:58:19.343" endtime="20230509 10:58:19.382"/>
</kw>
<status status="PASS" starttime="20230509 10:58:18.894" endtime="20230509 10:58:19.382"/>
</kw>
<kw name="E clique no botão criar card" library="cadastro">
<kw name="Click Element" library="SeleniumLibrary">
<arg>${BOTAO_CARD}</arg>
<doc>Click the element identified by ``locator``.</doc>
<msg timestamp="20230509 10:58:19.385" level="INFO">Clicking element 'id:form-botao'.</msg>
<status status="PASS" starttime="20230509 10:58:19.384" endtime="20230509 10:58:19.465"/>
</kw>
<status status="PASS" starttime="20230509 10:58:19.383" endtime="20230509 10:58:19.465"/>
</kw>
<kw name="Então identificar 3 cards no time esperado" library="cadastro">
<for flavor="IN RANGE">
<var>${i}</var>
<value>1</value>
<value>3</value>
<iter>
<var name="${i}">1</var>
<kw name="Dado que eu preencha os campos do formulário" library="cadastro">
<kw name="File Name" library="FakerLibrary">
<var>${Nome}</var>
<doc>Generate a random file name with extension.</doc>
<msg timestamp="20230509 10:58:19.467" level="INFO">${Nome} = facere.wav</msg>
<status status="PASS" starttime="20230509 10:58:19.467" endtime="20230509 10:58:19.467"/>
</kw>
<kw name="Input Text" library="SeleniumLibrary">
<arg>${CAMPO_NOME}</arg>
<arg>${Nome}</arg>
<doc>Types the given ``text`` into the text field identified by ``locator``.</doc>
<msg timestamp="20230509 10:58:19.468" level="INFO">Typing text 'facere.wav' into text field 'id:form-nome'.</msg>
<status status="PASS" starttime="20230509 10:58:19.467" endtime="20230509 10:58:19.553"/>
</kw>
<kw name="Job" library="FakerLibrary">
<var>${Cargo}</var>
<msg timestamp="20230509 10:58:19.556" level="INFO">${Cargo} = Militar da Aeronáutica</msg>
<status status="PASS" starttime="20230509 10:58:19.553" endtime="20230509 10:58:19.557"/>
</kw>
<kw name="Input Text" library="SeleniumLibrary">
<arg>${CAMPO_CARGO}</arg>
<arg>${Cargo}</arg>
<doc>Types the given ``text`` into the text field identified by ``locator``.</doc>
<msg timestamp="20230509 10:58:19.559" level="INFO">Typing text 'Militar da Aeronáutica' into text field 'id:form-cargo'.</msg>
<status status="PASS" starttime="20230509 10:58:19.557" endtime="20230509 10:58:19.664"/>
</kw>
<kw name="Image Url" library="FakerLibrary">
<var>${Imagem}</var>
<arg>width=100</arg>
<arg>height=100</arg>
<doc>Returns URL to placeholder image
Example: http://placehold.it/640x480</doc>
<msg timestamp="20230509 10:58:19.665" level="INFO">${Imagem} = https://picsum.photos/100/100</msg>
<status status="PASS" starttime="20230509 10:58:19.664" endtime="20230509 10:58:19.665"/>
</kw>
<kw name="Input Text" library="SeleniumLibrary">
<arg>${CAMPO_IMAGEM}</arg>
<arg>${Imagem}</arg>
<doc>Types the given ``text`` into the text field identified by ``locator``.</doc>
<msg timestamp="20230509 10:58:19.666" level="INFO">Typing text 'https://picsum.photos/100/100' into text field 'id:form-imagem'.</msg>
<status status="PASS" starttime="20230509 10:58:19.665" endtime="20230509 10:58:19.779"/>
</kw>
<kw name="Click Element" library="SeleniumLibrary">
<arg>${CAMPO_TIME}</arg>
<doc>Click the element identified by ``locator``.</doc>
<msg timestamp="20230509 10:58:19.780" level="INFO">Clicking element 'class:lista-suspensa'.</msg>
<status status="PASS" starttime="20230509 10:58:19.779" endtime="20230509 10:58:19.825"/>
</kw>
<kw name="Click Element" library="SeleniumLibrary">
<arg>${selecionar_times}[0]</arg>
<doc>Click the element identified by ``locator``.</doc>
<msg timestamp="20230509 10:58:19.827" level="INFO">Clicking element '//option[contains(.,'Programação')]'.</msg>
<status status="PASS" starttime="20230509 10:58:19.826" endtime="20230509 10:58:19.848"/>
</kw>
<status status="PASS" starttime="20230509 10:58:19.466" endtime="20230509 10:58:19.848"/>
</kw>
<kw name="E clique no botão criar card" library="cadastro">
<kw name="Click Element" library="SeleniumLibrary">
<arg>${BOTAO_CARD}</arg>
<doc>Click the element identified by ``locator``.</doc>
<msg timestamp="20230509 10:58:19.849" level="INFO">Clicking element 'id:form-botao'.</msg>
<status status="PASS" starttime="20230509 10:58:19.849" endtime="20230509 10:58:19.898"/>
</kw>
<status status="PASS" starttime="20230509 10:58:19.848" endtime="20230509 10:58:19.898"/>
</kw>
<status status="PASS" starttime="20230509 10:58:19.466" endtime="20230509 10:58:19.898"/>
</iter>
<iter>
<var name="${i}">2</var>
<kw name="Dado que eu preencha os campos do formulário" library="cadastro">
<kw name="File Name" library="FakerLibrary">
<var>${Nome}</var>
<doc>Generate a random file name with extension.</doc>
<msg timestamp="20230509 10:58:19.899" level="INFO">${Nome} = cum.mp4</msg>
<status status="PASS" starttime="20230509 10:58:19.899" endtime="20230509 10:58:19.899"/>
</kw>
<kw name="Input Text" library="SeleniumLibrary">
<arg>${CAMPO_NOME}</arg>
<arg>${Nome}</arg>
<doc>Types the given ``text`` into the text field identified by ``locator``.</doc>
<msg timestamp="20230509 10:58:19.900" level="INFO">Typing text 'cum.mp4' into text field 'id:form-nome'.</msg>
<status status="PASS" starttime="20230509 10:58:19.899" endtime="20230509 10:58:19.969"/>
</kw>
<kw name="Job" library="FakerLibrary">
<var>${Cargo}</var>
<msg timestamp="20230509 10:58:19.971" level="INFO">${Cargo} = Faxineiro</msg>
<status status="PASS" starttime="20230509 10:58:19.970" endtime="20230509 10:58:19.972"/>
</kw>
<kw name="Input Text" library="SeleniumLibrary">
<arg>${CAMPO_CARGO}</arg>
<arg>${Cargo}</arg>
<doc>Types the given ``text`` into the text field identified by ``locator``.</doc>
<msg timestamp="20230509 10:58:19.975" level="INFO">Typing text 'Faxineiro' into text field 'id:form-cargo'.</msg>
<status status="PASS" starttime="20230509 10:58:19.973" endtime="20230509 10:58:20.052"/>
</kw>
<kw name="Image Url" library="FakerLibrary">
<var>${Imagem}</var>
<arg>width=100</arg>
<arg>height=100</arg>
<doc>Returns URL to placeholder image
Example: http://placehold.it/640x480</doc>
<msg timestamp="20230509 10:58:20.054" level="INFO">${Imagem} = https://placekitten.com/100/100</msg>
<status status="PASS" starttime="20230509 10:58:20.052" endtime="20230509 10:58:20.055"/>
</kw>
<kw name="Input Text" library="SeleniumLibrary">
<arg>${CAMPO_IMAGEM}</arg>
<arg>${Imagem}</arg>
<doc>Types the given ``text`` into the text field identified by ``locator``.</doc>
<msg timestamp="20230509 10:58:20.058" level="INFO">Typing text 'https://placekitten.com/100/100' into text field 'id:form-imagem'.</msg>
<status status="PASS" starttime="20230509 10:58:20.056" endtime="20230509 10:58:20.167"/>
</kw>
<kw name="Click Element" library="SeleniumLibrary">
<arg>${CAMPO_TIME}</arg>
<doc>Click the element identified by ``locator``.</doc>
<msg timestamp="20230509 10:58:20.169" level="INFO">Clicking element 'class:lista-suspensa'.</msg>
<status status="PASS" starttime="20230509 10:58:20.168" endtime="20230509 10:58:20.209"/>
</kw>
<kw name="Click Element" library="SeleniumLibrary">
<arg>${selecionar_times}[0]</arg>
<doc>Click the element identified by ``locator``.</doc>
<msg timestamp="20230509 10:58:20.211" level="INFO">Clicking element '//option[contains(.,'Programação')]'.</msg>
<status status="PASS" starttime="20230509 10:58:20.209" endtime="20230509 10:58:20.234"/>
</kw>
<status status="PASS" starttime="20230509 10:58:19.898" endtime="20230509 10:58:20.234"/>
</kw>
<kw name="E clique no botão criar card" library="cadastro">
<kw name="Click Element" library="SeleniumLibrary">
<arg>${BOTAO_CARD}</arg>
<doc>Click the element identified by ``locator``.</doc>
<msg timestamp="20230509 10:58:20.236" level="INFO">Clicking element 'id:form-botao'.</msg>
<status status="PASS" starttime="20230509 10:58:20.235" endtime="20230509 10:58:20.277"/>
</kw>
<status status="PASS" starttime="20230509 10:58:20.235" endtime="20230509 10:58:20.277"/>
</kw>
<status status="PASS" starttime="20230509 10:58:19.898" endtime="20230509 10:58:20.277"/>
</iter>
<status status="PASS" starttime="20230509 10:58:19.466" endtime="20230509 10:58:20.277"/>
</for>
<kw name="Sleep" library="BuiltIn">
<arg>10s</arg>
<doc>Pauses the test executed for the given time.</doc>
<msg timestamp="20230509 10:58:30.279" level="INFO">Slept 10 seconds</msg>
<status status="PASS" starttime="20230509 10:58:20.277" endtime="20230509 10:58:30.283"/>
</kw>
<status status="PASS" starttime="20230509 10:58:19.465" endtime="20230509 10:58:30.285"/>
</kw>
<kw name="Fechar o navegador" library="setup_teardown" type="TEARDOWN">
<kw name="Close Browser" library="SeleniumLibrary">
<doc>Closes the current browser.</doc>
<status status="PASS" starttime="20230509 10:58:30.289" endtime="20230509 10:58:33.607"/>
</kw>
<status status="PASS" starttime="20230509 10:58:30.288" endtime="20230509 10:58:33.608"/>
</kw>
<status status="PASS" starttime="20230509 10:58:16.603" endtime="20230509 10:58:33.610"/>
</test>
<test id="s1-s1-s1-t3" name="Verificar se é possível criar um card para cada time disponível se preenchermos os campos corretamente" line="21">
<kw name="Dado que eu acesse o Organo" library="setup_teardown" type="SETUP">
<kw name="Open Browser" library="SeleniumLibrary">
<arg>url=http://localhost:3000/</arg>
<arg>browser=Chrome</arg>
<doc>Opens a new browser instance to the optional ``url``.</doc>
<msg timestamp="20230509 10:58:33.626" level="INFO">Opening browser 'Chrome' to base url 'http://localhost:3000/'.</msg>
<status status="PASS" starttime="20230509 10:58:33.623" endtime="20230509 10:58:35.700"/>
</kw>
<kw name="Capture Page Screenshot" library="SeleniumLibrary">
<doc>Takes a screenshot of the current page and embeds it into a log file.</doc>
<msg timestamp="20230509 10:58:36.108" level="INFO" html="true">&lt;/td&gt;&lt;/tr&gt;&lt;tr&gt;&lt;td colspan="3"&gt;&lt;a href="selenium-screenshot-3.png"&gt;&lt;img src="selenium-screenshot-3.png" width="800px"&gt;&lt;/a&gt;</msg>
<status status="PASS" starttime="20230509 10:58:35.700" endtime="20230509 10:58:36.108"/>
</kw>
<status status="PASS" starttime="20230509 10:58:33.620" endtime="20230509 10:58:36.108"/>
</kw>
<kw name="Dado que eu preencha os campos do formulário" library="cadastro">
<kw name="File Name" library="FakerLibrary">
<var>${Nome}</var>
<doc>Generate a random file name with extension.</doc>
<msg timestamp="20230509 10:58:36.110" level="INFO">${Nome} = recusandae.mp4</msg>
<status status="PASS" starttime="20230509 10:58:36.110" endtime="20230509 10:58:36.110"/>
</kw>
<kw name="Input Text" library="SeleniumLibrary">
<arg>${CAMPO_NOME}</arg>
<arg>${Nome}</arg>
<doc>Types the given ``text`` into the text field identified by ``locator``.</doc>
<msg timestamp="20230509 10:58:36.111" level="INFO">Typing text 'recusandae.mp4' into text field 'id:form-nome'.</msg>
<status status="PASS" starttime="20230509 10:58:36.110" endtime="20230509 10:58:36.250"/>
</kw>
<kw name="Job" library="FakerLibrary">
<var>${Cargo}</var>
<msg timestamp="20230509 10:58:36.250" level="INFO">${Cargo} = Cientista de alimentos</msg>
<status status="PASS" starttime="20230509 10:58:36.250" endtime="20230509 10:58:36.250"/>
</kw>
<kw name="Input Text" library="SeleniumLibrary">
<arg>${CAMPO_CARGO}</arg>
<arg>${Cargo}</arg>
<doc>Types the given ``text`` into the text field identified by ``locator``.</doc>
<msg timestamp="20230509 10:58:36.251" level="INFO">Typing text 'Cientista de alimentos' into text field 'id:form-cargo'.</msg>
<status status="PASS" starttime="20230509 10:58:36.250" endtime="20230509 10:58:36.385"/>
</kw>
<kw name="Image Url" library="FakerLibrary">
<var>${Imagem}</var>
<arg>width=100</arg>
<arg>height=100</arg>
<doc>Returns URL to placeholder image
Example: http://placehold.it/640x480</doc>
<msg timestamp="20230509 10:58:36.387" level="INFO">${Imagem} = https://placekitten.com/100/100</msg>
<status status="PASS" starttime="20230509 10:58:36.385" endtime="20230509 10:58:36.387"/>
</kw>
<kw name="Input Text" library="SeleniumLibrary">
<arg>${CAMPO_IMAGEM}</arg>
<arg>${Imagem}</arg>
<doc>Types the given ``text`` into the text field identified by ``locator``.</doc>
<msg timestamp="20230509 10:58:36.390" level="INFO">Typing text 'https://placekitten.com/100/100' into text field 'id:form-imagem'.</msg>
<status status="PASS" starttime="20230509 10:58:36.388" endtime="20230509 10:58:36.542"/>
</kw>
<kw name="Click Element" library="SeleniumLibrary">
<arg>${CAMPO_TIME}</arg>
<doc>Click the element identified by ``locator``.</doc>
<msg timestamp="20230509 10:58:36.543" level="INFO">Clicking element 'class:lista-suspensa'.</msg>
<status status="PASS" starttime="20230509 10:58:36.542" endtime="20230509 10:58:36.601"/>
</kw>
<kw name="Click Element" library="SeleniumLibrary">
<arg>${selecionar_times}[0]</arg>
<doc>Click the element identified by ``locator``.</doc>
<msg timestamp="20230509 10:58:36.602" level="INFO">Clicking element '//option[contains(.,'Programação')]'.</msg>
<status status="PASS" starttime="20230509 10:58:36.602" endtime="20230509 10:58:36.652"/>
</kw>
<status status="PASS" starttime="20230509 10:58:36.109" endtime="20230509 10:58:36.653"/>
</kw>
<kw name="Então criar e identificar um card em cada time disponível" library="cadastro">
<for flavor="IN ENUMERATE">
<var>${indice}</var>
<var>${time}</var>
<value>@{selecionar_times}</value>
<iter>
<var name="${indice}">0</var>
<var name="${time}">//option[contains(.,'Programação')]</var>
<kw name="Dado que eu preencha os campos do formulário" library="cadastro">
<kw name="File Name" library="FakerLibrary">
<var>${Nome}</var>
<doc>Generate a random file name with extension.</doc>
<msg timestamp="20230509 10:58:36.660" level="INFO">${Nome} = nostrum.jpg</msg>
<status status="PASS" starttime="20230509 10:58:36.660" endtime="20230509 10:58:36.661"/>
</kw>
<kw name="Input Text" library="SeleniumLibrary">
<arg>${CAMPO_NOME}</arg>
<arg>${Nome}</arg>
<doc>Types the given ``text`` into the text field identified by ``locator``.</doc>
<msg timestamp="20230509 10:58:36.661" level="INFO">Typing text 'nostrum.jpg' into text field 'id:form-nome'.</msg>
<status status="PASS" starttime="20230509 10:58:36.661" endtime="20230509 10:58:36.763"/>
</kw>
<kw name="Job" library="FakerLibrary">
<var>${Cargo}</var>
<msg timestamp="20230509 10:58:36.764" level="INFO">${Cargo} = Jardineiro</msg>
<status status="PASS" starttime="20230509 10:58:36.763" endtime="20230509 10:58:36.764"/>
</kw>
<kw name="Input Text" library="SeleniumLibrary">
<arg>${CAMPO_CARGO}</arg>
<arg>${Cargo}</arg>
<doc>Types the given ``text`` into the text field identified by ``locator``.</doc>
<msg timestamp="20230509 10:58:36.766" level="INFO">Typing text 'Jardineiro' into text field 'id:form-cargo'.</msg>
<status status="PASS" starttime="20230509 10:58:36.765" endtime="20230509 10:58:36.851"/>
</kw>
<kw name="Image Url" library="FakerLibrary">
<var>${Imagem}</var>
<arg>width=100</arg>
<arg>height=100</arg>
<doc>Returns URL to placeholder image
Example: http://placehold.it/640x480</doc>
<msg timestamp="20230509 10:58:36.852" level="INFO">${Imagem} = https://picsum.photos/100/100</msg>
<status status="PASS" starttime="20230509 10:58:36.851" endtime="20230509 10:58:36.852"/>
</kw>
<kw name="Input Text" library="SeleniumLibrary">
<arg>${CAMPO_IMAGEM}</arg>
<arg>${Imagem}</arg>
<doc>Types the given ``text`` into the text field identified by ``locator``.</doc>
<msg timestamp="20230509 10:58:36.854" level="INFO">Typing text 'https://picsum.photos/100/100' into text field 'id:form-imagem'.</msg>
<status status="PASS" starttime="20230509 10:58:36.852" endtime="20230509 10:58:36.975"/>
</kw>
<kw name="Click Element" library="SeleniumLibrary">
<arg>${CAMPO_TIME}</arg>
<doc>Click the element identified by ``locator``.</doc>
<msg timestamp="20230509 10:58:36.976" level="INFO">Clicking element 'class:lista-suspensa'.</msg>
<status status="PASS" starttime="20230509 10:58:36.975" endtime="20230509 10:58:37.017"/>
</kw>
<kw name="Click Element" library="SeleniumLibrary">
<arg>${selecionar_times}[0]</arg>
<doc>Click the element identified by ``locator``.</doc>
<msg timestamp="20230509 10:58:37.018" level="INFO">Clicking element '//option[contains(.,'Programação')]'.</msg>
<status status="PASS" starttime="20230509 10:58:37.017" endtime="20230509 10:58:37.043"/>
</kw>
<status status="PASS" starttime="20230509 10:58:36.660" endtime="20230509 10:58:37.043"/>
</kw>
<kw name="Click Element" library="SeleniumLibrary">
<arg>${time}</arg>
<doc>Click the element identified by ``locator``.</doc>
<msg timestamp="20230509 10:58:37.044" level="INFO">Clicking element '//option[contains(.,'Programação')]'.</msg>
<status status="PASS" starttime="20230509 10:58:37.043" endtime="20230509 10:58:37.061"/>
</kw>
<kw name="E clique no botão criar card" library="cadastro">
<kw name="Click Element" library="SeleniumLibrary">
<arg>${BOTAO_CARD}</arg>
<doc>Click the element identified by ``locator``.</doc>
<msg timestamp="20230509 10:58:37.062" level="INFO">Clicking element 'id:form-botao'.</msg>
<status status="PASS" starttime="20230509 10:58:37.062" endtime="20230509 10:58:37.131"/>
</kw>
<status status="PASS" starttime="20230509 10:58:37.061" endtime="20230509 10:58:37.132"/>
</kw>
<status status="PASS" starttime="20230509 10:58:36.659" endtime="20230509 10:58:37.132"/>
</iter>
<iter>
<var name="${indice}">1</var>
<var name="${time}">//option[contains(.,'Front-End')]</var>
<kw name="Dado que eu preencha os campos do formulário" library="cadastro">
<kw name="File Name" library="FakerLibrary">
<var>${Nome}</var>
<doc>Generate a random file name with extension.</doc>
<msg timestamp="20230509 10:58:37.133" level="INFO">${Nome} = pariatur.avi</msg>
<status status="PASS" starttime="20230509 10:58:37.133" endtime="20230509 10:58:37.133"/>
</kw>
<kw name="Input Text" library="SeleniumLibrary">
<arg>${CAMPO_NOME}</arg>
<arg>${Nome}</arg>
<doc>Types the given ``text`` into the text field identified by ``locator``.</doc>
<msg timestamp="20230509 10:58:37.134" level="INFO">Typing text 'pariatur.avi' into text field 'id:form-nome'.</msg>
<status status="PASS" starttime="20230509 10:58:37.133" endtime="20230509 10:58:37.216"/>
</kw>
<kw name="Job" library="FakerLibrary">
<var>${Cargo}</var>
<msg timestamp="20230509 10:58:37.217" level="INFO">${Cargo} = Controlador de vôo</msg>
<status status="PASS" starttime="20230509 10:58:37.216" endtime="20230509 10:58:37.217"/>
</kw>
<kw name="Input Text" library="SeleniumLibrary">
<arg>${CAMPO_CARGO}</arg>
<arg>${Cargo}</arg>
<doc>Types the given ``text`` into the text field identified by ``locator``.</doc>
<msg timestamp="20230509 10:58:37.218" level="INFO">Typing text 'Controlador de vôo' into text field 'id:form-cargo'.</msg>
<status status="PASS" starttime="20230509 10:58:37.217" endtime="20230509 10:58:37.311"/>
</kw>
<kw name="Image Url" library="FakerLibrary">
<var>${Imagem}</var>
<arg>width=100</arg>
<arg>height=100</arg>
<doc>Returns URL to placeholder image
Example: http://placehold.it/640x480</doc>
<msg timestamp="20230509 10:58:37.312" level="INFO">${Imagem} = https://dummyimage.com/100x100</msg>
<status status="PASS" starttime="20230509 10:58:37.311" endtime="20230509 10:58:37.312"/>
</kw>
<kw name="Input Text" library="SeleniumLibrary">
<arg>${CAMPO_IMAGEM}</arg>
<arg>${Imagem}</arg>
<doc>Types the given ``text`` into the text field identified by ``locator``.</doc>
<msg timestamp="20230509 10:58:37.313" level="INFO">Typing text 'https://dummyimage.com/100x100' into text field 'id:form-imagem'.</msg>
<status status="PASS" starttime="20230509 10:58:37.313" endtime="20230509 10:58:37.429"/>
</kw>
<kw name="Click Element" library="SeleniumLibrary">
<arg>${CAMPO_TIME}</arg>
<doc>Click the element identified by ``locator``.</doc>
<msg timestamp="20230509 10:58:37.430" level="INFO">Clicking element 'class:lista-suspensa'.</msg>
<status status="PASS" starttime="20230509 10:58:37.429" endtime="20230509 10:58:37.476"/>
</kw>
<kw name="Click Element" library="SeleniumLibrary">
<arg>${selecionar_times}[0]</arg>
<doc>Click the element identified by ``locator``.</doc>
<msg timestamp="20230509 10:58:37.477" level="INFO">Clicking element '//option[contains(.,'Programação')]'.</msg>
<status status="PASS" starttime="20230509 10:58:37.476" endtime="20230509 10:58:37.497"/>
</kw>
<status status="PASS" starttime="20230509 10:58:37.132" endtime="20230509 10:58:37.498"/>
</kw>
<kw name="Click Element" library="SeleniumLibrary">
<arg>${time}</arg>
<doc>Click the element identified by ``locator``.</doc>
<msg timestamp="20230509 10:58:37.498" level="INFO">Clicking element '//option[contains(.,'Front-End')]'.</msg>
<status status="PASS" starttime="20230509 10:58:37.498" endtime="20230509 10:58:37.533"/>
</kw>
<kw name="E clique no botão criar card" library="cadastro">
<kw name="Click Element" library="SeleniumLibrary">
<arg>${BOTAO_CARD}</arg>
<doc>Click the element identified by ``locator``.</doc>
<msg timestamp="20230509 10:58:37.534" level="INFO">Clicking element 'id:form-botao'.</msg>
<status status="PASS" starttime="20230509 10:58:37.534" endtime="20230509 10:58:37.578"/>
</kw>
<status status="PASS" starttime="20230509 10:58:37.533" endtime="20230509 10:58:37.578"/>
</kw>
<status status="PASS" starttime="20230509 10:58:37.132" endtime="20230509 10:58:37.578"/>
</iter>
<iter>
<var name="${indice}">2</var>
<var name="${time}">//option[contains(.,'Data Science')]</var>
<kw name="Dado que eu preencha os campos do formulário" library="cadastro">
<kw name="File Name" library="FakerLibrary">
<var>${Nome}</var>
<doc>Generate a random file name with extension.</doc>
<msg timestamp="20230509 10:58:37.580" level="INFO">${Nome} = cumque.mp4</msg>
<status status="PASS" starttime="20230509 10:58:37.579" endtime="20230509 10:58:37.580"/>
</kw>
<kw name="Input Text" library="SeleniumLibrary">
<arg>${CAMPO_NOME}</arg>
<arg>${Nome}</arg>
<doc>Types the given ``text`` into the text field identified by ``locator``.</doc>
<msg timestamp="20230509 10:58:37.581" level="INFO">Typing text 'cumque.mp4' into text field 'id:form-nome'.</msg>
<status status="PASS" starttime="20230509 10:58:37.580" endtime="20230509 10:58:37.663"/>
</kw>
<kw name="Job" library="FakerLibrary">
<var>${Cargo}</var>
<msg timestamp="20230509 10:58:37.663" level="INFO">${Cargo} = Teólogo</msg>
<status status="PASS" starttime="20230509 10:58:37.663" endtime="20230509 10:58:37.663"/>
</kw>
<kw name="Input Text" library="SeleniumLibrary">
<arg>${CAMPO_CARGO}</arg>
<arg>${Cargo}</arg>
<doc>Types the given ``text`` into the text field identified by ``locator``.</doc>
<msg timestamp="20230509 10:58:37.664" level="INFO">Typing text 'Teólogo' into text field 'id:form-cargo'.</msg>
<status status="PASS" starttime="20230509 10:58:37.664" endtime="20230509 10:58:37.735"/>
</kw>
<kw name="Image Url" library="FakerLibrary">
<var>${Imagem}</var>
<arg>width=100</arg>
<arg>height=100</arg>
<doc>Returns URL to placeholder image
Example: http://placehold.it/640x480</doc>
<msg timestamp="20230509 10:58:37.737" level="INFO">${Imagem} = https://picsum.photos/100/100</msg>
<status status="PASS" starttime="20230509 10:58:37.735" endtime="20230509 10:58:37.738"/>
</kw>
<kw name="Input Text" library="SeleniumLibrary">
<arg>${CAMPO_IMAGEM}</arg>
<arg>${Imagem}</arg>
<doc>Types the given ``text`` into the text field identified by ``locator``.</doc>
<msg timestamp="20230509 10:58:37.742" level="INFO">Typing text 'https://picsum.photos/100/100' into text field 'id:form-imagem'.</msg>
<status status="PASS" starttime="20230509 10:58:37.738" endtime="20230509 10:58:37.851"/>
</kw>
<kw name="Click Element" library="SeleniumLibrary">
<arg>${CAMPO_TIME}</arg>
<doc>Click the element identified by ``locator``.</doc>
<msg timestamp="20230509 10:58:37.852" level="INFO">Clicking element 'class:lista-suspensa'.</msg>
<status status="PASS" starttime="20230509 10:58:37.851" endtime="20230509 10:58:37.893"/>
</kw>
<kw name="Click Element" library="SeleniumLibrary">
<arg>${selecionar_times}[0]</arg>
<doc>Click the element identified by ``locator``.</doc>
<msg timestamp="20230509 10:58:37.895" level="INFO">Clicking element '//option[contains(.,'Programação')]'.</msg>
<status status="PASS" starttime="20230509 10:58:37.894" endtime="20230509 10:58:37.929"/>
</kw>
<status status="PASS" starttime="20230509 10:58:37.579" endtime="20230509 10:58:37.929"/>
</kw>
<kw name="Click Element" library="SeleniumLibrary">
<arg>${time}</arg>
<doc>Click the element identified by ``locator``.</doc>
<msg timestamp="20230509 10:58:37.930" level="INFO">Clicking element '//option[contains(.,'Data Science')]'.</msg>
<status status="PASS" starttime="20230509 10:58:37.929" endtime="20230509 10:58:37.962"/>
</kw>
<kw name="E clique no botão criar card" library="cadastro">
<kw name="Click Element" library="SeleniumLibrary">
<arg>${BOTAO_CARD}</arg>
<doc>Click the element identified by ``locator``.</doc>
<msg timestamp="20230509 10:58:37.963" level="INFO">Clicking element 'id:form-botao'.</msg>
<status status="PASS" starttime="20230509 10:58:37.963" endtime="20230509 10:58:38.012"/>
</kw>
<status status="PASS" starttime="20230509 10:58:37.963" endtime="20230509 10:58:38.012"/>
</kw>
<status status="PASS" starttime="20230509 10:58:37.578" endtime="20230509 10:58:38.012"/>
</iter>
<iter>
<var name="${indice}">3</var>
<var name="${time}">//option[contains(.,'Devops')]</var>
<kw name="Dado que eu preencha os campos do formulário" library="cadastro">
<kw name="File Name" library="FakerLibrary">
<var>${Nome}</var>
<doc>Generate a random file name with extension.</doc>
<msg timestamp="20230509 10:58:38.014" level="INFO">${Nome} = tempora.css</msg>
<status status="PASS" starttime="20230509 10:58:38.013" endtime="20230509 10:58:38.014"/>
</kw>
<kw name="Input Text" library="SeleniumLibrary">
<arg>${CAMPO_NOME}</arg>
<arg>${Nome}</arg>
<doc>Types the given ``text`` into the text field identified by ``locator``.</doc>
<msg timestamp="20230509 10:58:38.015" level="INFO">Typing text 'tempora.css' into text field 'id:form-nome'.</msg>
<status status="PASS" starttime="20230509 10:58:38.014" endtime="20230509 10:58:38.084"/>
</kw>
<kw name="Job" library="FakerLibrary">
<var>${Cargo}</var>
<msg timestamp="20230509 10:58:38.085" level="INFO">${Cargo} = Subprefeito</msg>
<status status="PASS" starttime="20230509 10:58:38.085" endtime="20230509 10:58:38.085"/>
</kw>
<kw name="Input Text" library="SeleniumLibrary">
<arg>${CAMPO_CARGO}</arg>
<arg>${Cargo}</arg>
<doc>Types the given ``text`` into the text field identified by ``locator``.</doc>
<msg timestamp="20230509 10:58:38.086" level="INFO">Typing text 'Subprefeito' into text field 'id:form-cargo'.</msg>
<status status="PASS" starttime="20230509 10:58:38.086" endtime="20230509 10:58:38.161"/>
</kw>
<kw name="Image Url" library="FakerLibrary">
<var>${Imagem}</var>
<arg>width=100</arg>
<arg>height=100</arg>
<doc>Returns URL to placeholder image
Example: http://placehold.it/640x480</doc>
<msg timestamp="20230509 10:58:38.163" level="INFO">${Imagem} = https://picsum.photos/100/100</msg>
<status status="PASS" starttime="20230509 10:58:38.162" endtime="20230509 10:58:38.163"/>
</kw>
<kw name="Input Text" library="SeleniumLibrary">
<arg>${CAMPO_IMAGEM}</arg>
<arg>${Imagem}</arg>
<doc>Types the given ``text`` into the text field identified by ``locator``.</doc>
<msg timestamp="20230509 10:58:38.164" level="INFO">Typing text 'https://picsum.photos/100/100' into text field 'id:form-imagem'.</msg>
<status status="PASS" starttime="20230509 10:58:38.163" endtime="20230509 10:58:38.270"/>
</kw>
<kw name="Click Element" library="SeleniumLibrary">
<arg>${CAMPO_TIME}</arg>
<doc>Click the element identified by ``locator``.</doc>
<msg timestamp="20230509 10:58:38.271" level="INFO">Clicking element 'class:lista-suspensa'.</msg>
<status status="PASS" starttime="20230509 10:58:38.270" endtime="20230509 10:58:38.316"/>
</kw>
<kw name="Click Element" library="SeleniumLibrary">
<arg>${selecionar_times}[0]</arg>
<doc>Click the element identified by ``locator``.</doc>
<msg timestamp="20230509 10:58:38.317" level="INFO">Clicking element '//option[contains(.,'Programação')]'.</msg>
<status status="PASS" starttime="20230509 10:58:38.316" endtime="20230509 10:58:38.345"/>
</kw>
<status status="PASS" starttime="20230509 10:58:38.013" endtime="20230509 10:58:38.346"/>
</kw>
<kw name="Click Element" library="SeleniumLibrary">
<arg>${time}</arg>
<doc>Click the element identified by ``locator``.</doc>
<msg timestamp="20230509 10:58:38.347" level="INFO">Clicking element '//option[contains(.,'Devops')]'.</msg>
<status status="PASS" starttime="20230509 10:58:38.346" endtime="20230509 10:58:38.379"/>
</kw>
<kw name="E clique no botão criar card" library="cadastro">
<kw name="Click Element" library="SeleniumLibrary">
<arg>${BOTAO_CARD}</arg>
<doc>Click the element identified by ``locator``.</doc>
<msg timestamp="20230509 10:58:38.380" level="INFO">Clicking element 'id:form-botao'.</msg>
<status status="PASS" starttime="20230509 10:58:38.379" endtime="20230509 10:58:38.422"/>
</kw>
<status status="PASS" starttime="20230509 10:58:38.379" endtime="20230509 10:58:38.423"/>
</kw>
<status status="PASS" starttime="20230509 10:58:38.013" endtime="20230509 10:58:38.423"/>
</iter>
<iter>
<var name="${indice}">4</var>
<var name="${time}">//option[contains(.,'UX e Design')]</var>
<kw name="Dado que eu preencha os campos do formulário" library="cadastro">
<kw name="File Name" library="FakerLibrary">
<var>${Nome}</var>
<doc>Generate a random file name with extension.</doc>
<msg timestamp="20230509 10:58:38.428" level="INFO">${Nome} = ipsam.webm</msg>
<status status="PASS" starttime="20230509 10:58:38.427" endtime="20230509 10:58:38.428"/>
</kw>
<kw name="Input Text" library="SeleniumLibrary">
<arg>${CAMPO_NOME}</arg>
<arg>${Nome}</arg>
<doc>Types the given ``text`` into the text field identified by ``locator``.</doc>
<msg timestamp="20230509 10:58:38.429" level="INFO">Typing text 'ipsam.webm' into text field 'id:form-nome'.</msg>
<status status="PASS" starttime="20230509 10:58:38.428" endtime="20230509 10:58:38.501"/>
</kw>
<kw name="Job" library="FakerLibrary">
<var>${Cargo}</var>
<msg timestamp="20230509 10:58:38.502" level="INFO">${Cargo} = Mágico</msg>
<status status="PASS" starttime="20230509 10:58:38.501" endtime="20230509 10:58:38.502"/>
</kw>
<kw name="Input Text" library="SeleniumLibrary">
<arg>${CAMPO_CARGO}</arg>
<arg>${Cargo}</arg>
<doc>Types the given ``text`` into the text field identified by ``locator``.</doc>
<msg timestamp="20230509 10:58:38.503" level="INFO">Typing text 'Mágico' into text field 'id:form-cargo'.</msg>
<status status="PASS" starttime="20230509 10:58:38.502" endtime="20230509 10:58:38.572"/>
</kw>
<kw name="Image Url" library="FakerLibrary">
<var>${Imagem}</var>
<arg>width=100</arg>
<arg>height=100</arg>
<doc>Returns URL to placeholder image
Example: http://placehold.it/640x480</doc>
<msg timestamp="20230509 10:58:38.577" level="INFO">${Imagem} = https://placekitten.com/100/100</msg>
<status status="PASS" starttime="20230509 10:58:38.573" endtime="20230509 10:58:38.577"/>
</kw>
<kw name="Input Text" library="SeleniumLibrary">
<arg>${CAMPO_IMAGEM}</arg>
<arg>${Imagem}</arg>
<doc>Types the given ``text`` into the text field identified by ``locator``.</doc>
<msg timestamp="20230509 10:58:38.578" level="INFO">Typing text 'https://placekitten.com/100/100' into text field 'id:form-imagem'.</msg>
<status status="PASS" starttime="20230509 10:58:38.577" endtime="20230509 10:58:38.688"/>
</kw>
<kw name="Click Element" library="SeleniumLibrary">
<arg>${CAMPO_TIME}</arg>
<doc>Click the element identified by ``locator``.</doc>
<msg timestamp="20230509 10:58:38.690" level="INFO">Clicking element 'class:lista-suspensa'.</msg>
<status status="PASS" starttime="20230509 10:58:38.689" endtime="20230509 10:58:38.736"/>
</kw>
<kw name="Click Element" library="SeleniumLibrary">
<arg>${selecionar_times}[0]</arg>
<doc>Click the element identified by ``locator``.</doc>
<msg timestamp="20230509 10:58:38.737" level="INFO">Clicking element '//option[contains(.,'Programação')]'.</msg>
<status status="PASS" starttime="20230509 10:58:38.736" endtime="20230509 10:58:38.762"/>
</kw>
<status status="PASS" starttime="20230509 10:58:38.425" endtime="20230509 10:58:38.762"/>
</kw>
<kw name="Click Element" library="SeleniumLibrary">
<arg>${time}</arg>
<doc>Click the element identified by ``locator``.</doc>
<msg timestamp="20230509 10:58:38.763" level="INFO">Clicking element '//option[contains(.,'UX e Design')]'.</msg>
<status status="PASS" starttime="20230509 10:58:38.763" endtime="20230509 10:58:38.798"/>
</kw>
<kw name="E clique no botão criar card" library="cadastro">
<kw name="Click Element" library="SeleniumLibrary">
<arg>${BOTAO_CARD}</arg>
<doc>Click the element identified by ``locator``.</doc>
<msg timestamp="20230509 10:58:38.800" level="INFO">Clicking element 'id:form-botao'.</msg>
<status status="PASS" starttime="20230509 10:58:38.799" endtime="20230509 10:58:38.845"/>
</kw>
<status status="PASS" starttime="20230509 10:58:38.799" endtime="20230509 10:58:38.845"/>
</kw>
<status status="PASS" starttime="20230509 10:58:38.423" endtime="20230509 10:58:38.845"/>
</iter>
<iter>
<var name="${indice}">5</var>
<var name="${time}">//option[contains(.,'Mobile')]</var>
<kw name="Dado que eu preencha os campos do formulário" library="cadastro">
<kw name="File Name" library="FakerLibrary">
<var>${Nome}</var>
<doc>Generate a random file name with extension.</doc>
<msg timestamp="20230509 10:58:38.846" level="INFO">${Nome} = eligendi.jpg</msg>
<status status="PASS" starttime="20230509 10:58:38.846" endtime="20230509 10:58:38.846"/>
</kw>
<kw name="Input Text" library="SeleniumLibrary">
<arg>${CAMPO_NOME}</arg>
<arg>${Nome}</arg>
<doc>Types the given ``text`` into the text field identified by ``locator``.</doc>
<msg timestamp="20230509 10:58:38.847" level="INFO">Typing text 'eligendi.jpg' into text field 'id:form-nome'.</msg>
<status status="PASS" starttime="20230509 10:58:38.847" endtime="20230509 10:58:38.919"/>
</kw>
<kw name="Job" library="FakerLibrary">
<var>${Cargo}</var>
<msg timestamp="20230509 10:58:38.920" level="INFO">${Cargo} = Biblioteconomista</msg>
<status status="PASS" starttime="20230509 10:58:38.920" endtime="20230509 10:58:38.920"/>
</kw>
<kw name="Input Text" library="SeleniumLibrary">
<arg>${CAMPO_CARGO}</arg>
<arg>${Cargo}</arg>
<doc>Types the given ``text`` into the text field identified by ``locator``.</doc>
<msg timestamp="20230509 10:58:38.922" level="INFO">Typing text 'Biblioteconomista' into text field 'id:form-cargo'.</msg>
<status status="PASS" starttime="20230509 10:58:38.921" endtime="20230509 10:58:39.012"/>
</kw>
<kw name="Image Url" library="FakerLibrary">
<var>${Imagem}</var>
<arg>width=100</arg>
<arg>height=100</arg>
<doc>Returns URL to placeholder image
Example: http://placehold.it/640x480</doc>
<msg timestamp="20230509 10:58:39.013" level="INFO">${Imagem} = https://placekitten.com/100/100</msg>
<status status="PASS" starttime="20230509 10:58:39.012" endtime="20230509 10:58:39.014"/>
</kw>
<kw name="Input Text" library="SeleniumLibrary">
<arg>${CAMPO_IMAGEM}</arg>
<arg>${Imagem}</arg>
<doc>Types the given ``text`` into the text field identified by ``locator``.</doc>
<msg timestamp="20230509 10:58:39.015" level="INFO">Typing text 'https://placekitten.com/100/100' into text field 'id:form-imagem'.</msg>
<status status="PASS" starttime="20230509 10:58:39.014" endtime="20230509 10:58:39.122"/>
</kw>
<kw name="Click Element" library="SeleniumLibrary">
<arg>${CAMPO_TIME}</arg>
<doc>Click the element identified by ``locator``.</doc>
<msg timestamp="20230509 10:58:39.124" level="INFO">Clicking element 'class:lista-suspensa'.</msg>
<status status="PASS" starttime="20230509 10:58:39.123" endtime="20230509 10:58:39.170"/>
</kw>
<kw name="Click Element" library="SeleniumLibrary">
<arg>${selecionar_times}[0]</arg>
<doc>Click the element identified by ``locator``.</doc>
<msg timestamp="20230509 10:58:39.171" level="INFO">Clicking element '//option[contains(.,'Programação')]'.</msg>
<status status="PASS" starttime="20230509 10:58:39.171" endtime="20230509 10:58:39.195"/>
</kw>
<status status="PASS" starttime="20230509 10:58:38.846" endtime="20230509 10:58:39.196"/>
</kw>
<kw name="Click Element" library="SeleniumLibrary">
<arg>${time}</arg>
<doc>Click the element identified by ``locator``.</doc>
<msg timestamp="20230509 10:58:39.196" level="INFO">Clicking element '//option[contains(.,'Mobile')]'.</msg>
<status status="PASS" starttime="20230509 10:58:39.196" endtime="20230509 10:58:39.232"/>
</kw>
<kw name="E clique no botão criar card" library="cadastro">
<kw name="Click Element" library="SeleniumLibrary">
<arg>${BOTAO_CARD}</arg>
<doc>Click the element identified by ``locator``.</doc>
<msg timestamp="20230509 10:58:39.233" level="INFO">Clicking element 'id:form-botao'.</msg>
<status status="PASS" starttime="20230509 10:58:39.232" endtime="20230509 10:58:39.277"/>
</kw>
<status status="PASS" starttime="20230509 10:58:39.232" endtime="20230509 10:58:39.277"/>
</kw>
<status status="PASS" starttime="20230509 10:58:38.845" endtime="20230509 10:58:39.278"/>
</iter>
<iter>
<var name="${indice}">6</var>
<var name="${time}">//option[contains(.,'Inovação e Gestão')]</var>
<kw name="Dado que eu preencha os campos do formulário" library="cadastro">
<kw name="File Name" library="FakerLibrary">
<var>${Nome}</var>
<doc>Generate a random file name with extension.</doc>
<msg timestamp="20230509 10:58:39.279" level="INFO">${Nome} = corporis.flac</msg>
<status status="PASS" starttime="20230509 10:58:39.279" endtime="20230509 10:58:39.279"/>
</kw>
<kw name="Input Text" library="SeleniumLibrary">
<arg>${CAMPO_NOME}</arg>
<arg>${Nome}</arg>
<doc>Types the given ``text`` into the text field identified by ``locator``.</doc>
<msg timestamp="20230509 10:58:39.280" level="INFO">Typing text 'corporis.flac' into text field 'id:form-nome'.</msg>
<status status="PASS" starttime="20230509 10:58:39.279" endtime="20230509 10:58:39.354"/>
</kw>
<kw name="Job" library="FakerLibrary">
<var>${Cargo}</var>
<msg timestamp="20230509 10:58:39.355" level="INFO">${Cargo} = Ciclista</msg>
<status status="PASS" starttime="20230509 10:58:39.355" endtime="20230509 10:58:39.355"/>
</kw>
<kw name="Input Text" library="SeleniumLibrary">
<arg>${CAMPO_CARGO}</arg>
<arg>${Cargo}</arg>
<doc>Types the given ``text`` into the text field identified by ``locator``.</doc>
<msg timestamp="20230509 10:58:39.357" level="INFO">Typing text 'Ciclista' into text field 'id:form-cargo'.</msg>
<status status="PASS" starttime="20230509 10:58:39.356" endtime="20230509 10:58:39.429"/>
</kw>
<kw name="Image Url" library="FakerLibrary">
<var>${Imagem}</var>
<arg>width=100</arg>
<arg>height=100</arg>
<doc>Returns URL to placeholder image
Example: http://placehold.it/640x480</doc>
<msg timestamp="20230509 10:58:39.430" level="INFO">${Imagem} = https://picsum.photos/100/100</msg>
<status status="PASS" starttime="20230509 10:58:39.430" endtime="20230509 10:58:39.431"/>
</kw>
<kw name="Input Text" library="SeleniumLibrary">
<arg>${CAMPO_IMAGEM}</arg>
<arg>${Imagem}</arg>
<doc>Types the given ``text`` into the text field identified by ``locator``.</doc>
<msg timestamp="20230509 10:58:39.431" level="INFO">Typing text 'https://picsum.photos/100/100' into text field 'id:form-imagem'.</msg>
<status status="PASS" starttime="20230509 10:58:39.431" endtime="20230509 10:58:39.533"/>
</kw>
<kw name="Click Element" library="SeleniumLibrary">
<arg>${CAMPO_TIME}</arg>
<doc>Click the element identified by ``locator``.</doc>
<msg timestamp="20230509 10:58:39.534" level="INFO">Clicking element 'class:lista-suspensa'.</msg>
<status status="PASS" starttime="20230509 10:58:39.534" endtime="20230509 10:58:39.584"/>
</kw>
<kw name="Click Element" library="SeleniumLibrary">
<arg>${selecionar_times}[0]</arg>
<doc>Click the element identified by ``locator``.</doc>
<msg timestamp="20230509 10:58:39.584" level="INFO">Clicking element '//option[contains(.,'Programação')]'.</msg>
<status status="PASS" starttime="20230509 10:58:39.584" endtime="20230509 10:58:39.613"/>
</kw>
<status status="PASS" starttime="20230509 10:58:39.278" endtime="20230509 10:58:39.613"/>
</kw>
<kw name="Click Element" library="SeleniumLibrary">
<arg>${time}</arg>
<doc>Click the element identified by ``locator``.</doc>
<msg timestamp="20230509 10:58:39.614" level="INFO">Clicking element '//option[contains(.,'Inovação e Gestão')]'.</msg>
<status status="PASS" starttime="20230509 10:58:39.614" endtime="20230509 10:58:39.646"/>
</kw>
<kw name="E clique no botão criar card" library="cadastro">
<kw name="Click Element" library="SeleniumLibrary">
<arg>${BOTAO_CARD}</arg>
<doc>Click the element identified by ``locator``.</doc>
<msg timestamp="20230509 10:58:39.647" level="INFO">Clicking element 'id:form-botao'.</msg>
<status status="PASS" starttime="20230509 10:58:39.647" endtime="20230509 10:58:39.695"/>
</kw>
<status status="PASS" starttime="20230509 10:58:39.646" endtime="20230509 10:58:39.695"/>
</kw>
<status status="PASS" starttime="20230509 10:58:39.278" endtime="20230509 10:58:39.696"/>
</iter>
<status status="PASS" starttime="20230509 10:58:36.658" endtime="20230509 10:58:39.696"/>
</for>
<kw name="Sleep" library="BuiltIn">
<arg>10s</arg>
<doc>Pauses the test executed for the given time.</doc>
<msg timestamp="20230509 10:58:49.698" level="INFO">Slept 10 seconds</msg>
<status status="PASS" starttime="20230509 10:58:39.696" endtime="20230509 10:58:49.699"/>
</kw>
<status status="PASS" starttime="20230509 10:58:36.655" endtime="20230509 10:58:49.701"/>
</kw>
<kw name="Fechar o navegador" library="setup_teardown" type="TEARDOWN">
<kw name="Close Browser" library="SeleniumLibrary">
<doc>Closes the current browser.</doc>
<status status="PASS" starttime="20230509 10:58:49.708" endtime="20230509 10:58:52.040"/>
</kw>
<status status="PASS" starttime="20230509 10:58:49.706" endtime="20230509 10:58:52.042"/>
</kw>
<status status="PASS" starttime="20230509 10:58:33.615" endtime="20230509 10:58:52.044"/>
</test>
<status status="PASS" starttime="20230509 10:58:10.658" endtime="20230509 10:58:52.050"/>
</suite>
<status status="PASS" starttime="20230509 10:58:10.654" endtime="20230509 10:58:52.062"/>
</suite>
<status status="PASS" starttime="20230509 10:58:10.601" endtime="20230509 10:58:52.074"/>
</suite>
<statistics>
<total>
<stat pass="3" fail="0" skip="0">All Tests</stat>
</total>
<tag>
</tag>
<suite>
<stat pass="3" fail="0" skip="0" id="s1" name="Curso-Robot">Curso-Robot</stat>
<stat pass="3" fail="0" skip="0" id="s1-s1" name="Testes">Curso-Robot.Testes</stat>
<stat pass="3" fail="0" skip="0" id="s1-s1-s1" name="Preenchimento Correto">Curso-Robot.Testes.Preenchimento Correto</stat>
</suite>
</statistics>
<errors>
</errors>
</robot>
